<?xml version="1.0" encoding="UTF-8"?>
<!-- Generated by org.testng.reporters.JUnitXMLReporter -->
<testsuite hostname="RAJUK4" ignored="93" name="Default test" tests="1" failures="0" timestamp="16 Mar 2018 09:21:20 GMT" time="71.089" errors="0">
  <testcase name="VerifyCreateGroupRoleFunctionality" time="67.872" classname="com.automation.drivers.DriverScript_RoleMgmt"/>
  <testcase name="SelectAllRoleWithExpandingTree_Topology" time="0.0" classname="com.automation.drivers.DriverScript_RoleMgmt">
    <ignored/>
  </testcase> <!-- SelectAllRoleWithExpandingTree_Topology -->
  <testcase name="AppEntity_SearchApp" time="0.0" classname="com.automation.drivers.DriverScript_RoleMgmt">
    <ignored/>
  </testcase> <!-- AppEntity_SearchApp -->
  <testcase name="SearchCPRoleandVerify" time="0.0" classname="com.automation.drivers.DriverScript_RoleMgmt">
    <ignored/>
  </testcase> <!-- SearchCPRoleandVerify -->
  <testcase name="DeleteGroupPermission_CustomerManagement" time="0.0" classname="com.automation.drivers.DriverScript_RoleMgmt">
    <ignored/>
  </testcase> <!-- DeleteGroupPermission_CustomerManagement -->
  <testcase name="AppEntity_DataProp" time="0.0" classname="com.automation.drivers.DriverScript_RoleMgmt">
    <ignored/>
  </testcase> <!-- AppEntity_DataProp -->
  <testcase name="AssignDeleteUserProfileRoleAndVerify" time="0.0" classname="com.automation.drivers.DriverScript_RoleMgmt">
    <ignored/>
  </testcase> <!-- AssignDeleteUserProfileRoleAndVerify -->
  <testcase name="DeleteUserWithRole_DC" time="0.0" classname="com.automation.drivers.DriverScript_RoleMgmt">
    <ignored/>
  </testcase> <!-- DeleteUserWithRole_DC -->
  <testcase name="CreateAddACPRole_ACP" time="0.0" classname="com.automation.drivers.DriverScript_RoleMgmt">
    <ignored/>
  </testcase> <!-- CreateAddACPRole_ACP -->
  <testcase name="AppEntity_DeleteResource_Group" time="0.0" classname="com.automation.drivers.DriverScript_RoleMgmt">
    <ignored/>
  </testcase> <!-- AppEntity_DeleteResource_Group -->
  <testcase name="VerifySearchACPPermission_ACP" time="0.0" classname="com.automation.drivers.DriverScript_RoleMgmt">
    <ignored/>
  </testcase> <!-- VerifySearchACPPermission_ACP -->
  <testcase name="CreateGroupRoleandVerify" time="0.0" classname="com.automation.drivers.DriverScript_RoleMgmt">
    <ignored/>
  </testcase> <!-- CreateGroupRoleandVerify -->
  <testcase name="VerifydeleteGroupPermission_UserManagement" time="0.0" classname="com.automation.drivers.DriverScript_RoleMgmt">
    <ignored/>
  </testcase> <!-- VerifydeleteGroupPermission_UserManagement -->
  <testcase name="CreateAssignACPRole_ACP" time="0.0" classname="com.automation.drivers.DriverScript_RoleMgmt">
    <ignored/>
  </testcase> <!-- CreateAssignACPRole_ACP -->
  <testcase name="SelectAllRolePerWithoutExpanding_AE" time="0.0" classname="com.automation.drivers.DriverScript_RoleMgmt">
    <ignored/>
  </testcase> <!-- SelectAllRolePerWithoutExpanding_AE -->
  <testcase name="AssignAddUserProfileRoleAndVerify" time="0.0" classname="com.automation.drivers.DriverScript_RoleMgmt">
    <ignored/>
  </testcase> <!-- AssignAddUserProfileRoleAndVerify -->
  <testcase name="AppEntity_DeleteAppUse" time="0.0" classname="com.automation.drivers.DriverScript_RoleMgmt">
    <ignored/>
  </testcase> <!-- AppEntity_DeleteAppUse -->
  <testcase name="DeleteUserProfileRole" time="0.0" classname="com.automation.drivers.DriverScript_RoleMgmt">
    <ignored/>
  </testcase> <!-- DeleteUserProfileRole -->
  <testcase name="DeleteRoleWithoutUser_ACP" time="0.0" classname="com.automation.drivers.DriverScript_RoleMgmt">
    <ignored/>
  </testcase> <!-- DeleteRoleWithoutUser_ACP -->
  <testcase name="DeleteGroupRoleandVerify" time="0.0" classname="com.automation.drivers.DriverScript_RoleMgmt">
    <ignored/>
  </testcase> <!-- DeleteGroupRoleandVerify -->
  <testcase name="VerfiyCreateDCRoleFunctionality" time="0.0" classname="com.automation.drivers.DriverScript_RoleMgmt">
    <ignored/>
  </testcase> <!-- VerfiyCreateDCRoleFunctionality -->
  <testcase name="AppEntity_ViewApp" time="0.0" classname="com.automation.drivers.DriverScript_RoleMgmt">
    <ignored/>
  </testcase> <!-- AppEntity_ViewApp -->
  <testcase name="AppEntity_DeleteSubs" time="0.0" classname="com.automation.drivers.DriverScript_RoleMgmt">
    <ignored/>
  </testcase> <!-- AppEntity_DeleteSubs -->
  <testcase name="SelectAll_Permissions_WithoutTreeExpand_ACP" time="0.0" classname="com.automation.drivers.DriverScript_RoleMgmt">
    <ignored/>
  </testcase> <!-- SelectAll_Permissions_WithoutTreeExpand_ACP -->
  <testcase name="CreateUserPermission_UserManagement" time="0.0" classname="com.automation.drivers.DriverScript_RoleMgmt">
    <ignored/>
  </testcase> <!-- CreateUserPermission_UserManagement -->
  <testcase name="AppEntity_CreateResource_Group" time="0.0" classname="com.automation.drivers.DriverScript_RoleMgmt">
    <ignored/>
  </testcase> <!-- AppEntity_CreateResource_Group -->
  <testcase name="AppEntity_UpdateApp" time="0.0" classname="com.automation.drivers.DriverScript_RoleMgmt">
    <ignored/>
  </testcase> <!-- AppEntity_UpdateApp -->
  <testcase name="DeleteUserPermission_UserManagement" time="0.0" classname="com.automation.drivers.DriverScript_RoleMgmt">
    <ignored/>
  </testcase> <!-- DeleteUserPermission_UserManagement -->
  <testcase name="UpdateuserPermission_UserManagement" time="0.0" classname="com.automation.drivers.DriverScript_RoleMgmt">
    <ignored/>
  </testcase> <!-- UpdateuserPermission_UserManagement -->
  <testcase name="VerfiySearchCPRoleFunctionality" time="0.0" classname="com.automation.drivers.DriverScript_RoleMgmt">
    <ignored/>
  </testcase> <!-- VerfiySearchCPRoleFunctionality -->
  <testcase name="AppEntity_DataPropUse" time="0.0" classname="com.automation.drivers.DriverScript_RoleMgmt">
    <ignored/>
  </testcase> <!-- AppEntity_DataPropUse -->
  <testcase name="AddCPRoleandVerify" time="0.0" classname="com.automation.drivers.DriverScript_RoleMgmt">
    <ignored/>
  </testcase> <!-- AddCPRoleandVerify -->
  <testcase name="DeleteRoleWithUser_AE" time="0.0" classname="com.automation.drivers.DriverScript_RoleMgmt">
    <ignored/>
  </testcase> <!-- DeleteRoleWithUser_AE -->
  <testcase name="VerifyAssignACPPermission_ACP" time="0.0" classname="com.automation.drivers.DriverScript_RoleMgmt">
    <ignored/>
  </testcase> <!-- VerifyAssignACPPermission_ACP -->
  <testcase name="DeleteUserWithRole_CP" time="0.0" classname="com.automation.drivers.DriverScript_RoleMgmt">
    <ignored/>
  </testcase> <!-- DeleteUserWithRole_CP -->
  <testcase name="ViewTopologyPermissionAfter_SelectAll_Topology" time="0.0" classname="com.automation.drivers.DriverScript_RoleMgmt">
    <ignored/>
  </testcase> <!-- ViewTopologyPermissionAfter_SelectAll_Topology -->
  <testcase name="CreateViewPermission_Topology" time="0.0" classname="com.automation.drivers.DriverScript_RoleMgmt">
    <ignored/>
  </testcase> <!-- CreateViewPermission_Topology -->
  <testcase name="AppEntity_UpdateAppUse" time="0.0" classname="com.automation.drivers.DriverScript_RoleMgmt">
    <ignored/>
  </testcase> <!-- AppEntity_UpdateAppUse -->
  <testcase name="AppEntity_UpdateResource_Group" time="0.0" classname="com.automation.drivers.DriverScript_RoleMgmt">
    <ignored/>
  </testcase> <!-- AppEntity_UpdateResource_Group -->
  <testcase name="AppEntity_VIewResource_Group" time="0.0" classname="com.automation.drivers.DriverScript_RoleMgmt">
    <ignored/>
  </testcase> <!-- AppEntity_VIewResource_Group -->
  <testcase name="VerifyupdatePermission_UserManagement" time="0.0" classname="com.automation.drivers.DriverScript_RoleMgmt">
    <ignored/>
  </testcase> <!-- VerifyupdatePermission_UserManagement -->
  <testcase name="VerifyDeleteGroupRoleFunctionality" time="0.0" classname="com.automation.drivers.DriverScript_RoleMgmt">
    <ignored/>
  </testcase> <!-- VerifyDeleteGroupRoleFunctionality -->
  <testcase name="AppEntity_ViewAppUse" time="0.0" classname="com.automation.drivers.DriverScript_RoleMgmt">
    <ignored/>
  </testcase> <!-- AppEntity_ViewAppUse -->
  <testcase name="SelectAllPermissionwithExpanding_Cust" time="0.0" classname="com.automation.drivers.DriverScript_RoleMgmt">
    <ignored/>
  </testcase> <!-- SelectAllPermissionwithExpanding_Cust -->
  <testcase name="SelectAllPermissionwithExpanding_CP" time="0.0" classname="com.automation.drivers.DriverScript_RoleMgmt">
    <ignored/>
  </testcase> <!-- SelectAllPermissionwithExpanding_CP -->
  <testcase name="ViewUserProfileRole" time="0.0" classname="com.automation.drivers.DriverScript_RoleMgmt">
    <ignored/>
  </testcase> <!-- ViewUserProfileRole -->
  <testcase name="UpdateGroupRoleandVerify" time="0.0" classname="com.automation.drivers.DriverScript_RoleMgmt">
    <ignored/>
  </testcase> <!-- UpdateGroupRoleandVerify -->
  <testcase name="AppEntity_DeleteApp" time="0.0" classname="com.automation.drivers.DriverScript_RoleMgmt">
    <ignored/>
  </testcase> <!-- AppEntity_DeleteApp -->
  <testcase name="SelectAllRolePerWithoutExpanding_Cust" time="0.0" classname="com.automation.drivers.DriverScript_RoleMgmt">
    <ignored/>
  </testcase> <!-- SelectAllRolePerWithoutExpanding_Cust -->
  <testcase name="DeleteRoleWithoutUser_Topology" time="0.0" classname="com.automation.drivers.DriverScript_RoleMgmt">
    <ignored/>
  </testcase> <!-- DeleteRoleWithoutUser_Topology -->
  <testcase name="UploadUserPermission_UserManagement" time="0.0" classname="com.automation.drivers.DriverScript_RoleMgmt">
    <ignored/>
  </testcase> <!-- UploadUserPermission_UserManagement -->
  <testcase name="VerifydeleteUserPermission_UserManagement" time="0.0" classname="com.automation.drivers.DriverScript_RoleMgmt">
    <ignored/>
  </testcase> <!-- VerifydeleteUserPermission_UserManagement -->
  <testcase name="VerifyupdateGroupPermission_UserManagement" time="0.0" classname="com.automation.drivers.DriverScript_RoleMgmt">
    <ignored/>
  </testcase> <!-- VerifyupdateGroupPermission_UserManagement -->
  <testcase name="CreateSearchACPRole_ACP" time="0.0" classname="com.automation.drivers.DriverScript_RoleMgmt">
    <ignored/>
  </testcase> <!-- CreateSearchACPRole_ACP -->
  <testcase name="SelectAllRolePerWithoutExpanding_CP" time="0.0" classname="com.automation.drivers.DriverScript_RoleMgmt">
    <ignored/>
  </testcase> <!-- SelectAllRolePerWithoutExpanding_CP -->
  <testcase name="DeleteRoleWithUser_ACP" time="0.0" classname="com.automation.drivers.DriverScript_RoleMgmt">
    <ignored/>
  </testcase> <!-- DeleteRoleWithUser_ACP -->
  <testcase name="SelectAllPermisssionsWithTreeExpand_ACP" time="0.0" classname="com.automation.drivers.DriverScript_RoleMgmt">
    <ignored/>
  </testcase> <!-- SelectAllPermisssionsWithTreeExpand_ACP -->
  <testcase name="SelectAllPermissionwithExpanding_DC" time="0.0" classname="com.automation.drivers.DriverScript_RoleMgmt">
    <ignored/>
  </testcase> <!-- SelectAllPermissionwithExpanding_DC -->
  <testcase name="AppEntity_SearchAppUse" time="0.0" classname="com.automation.drivers.DriverScript_RoleMgmt">
    <ignored/>
  </testcase> <!-- AppEntity_SearchAppUse -->
  <testcase name="VerifyViewGroupPermission_UserManagement" time="0.0" classname="com.automation.drivers.DriverScript_RoleMgmt">
    <ignored/>
  </testcase> <!-- VerifyViewGroupPermission_UserManagement -->
  <testcase name="AppEntity_AddSubsUse" time="0.0" classname="com.automation.drivers.DriverScript_RoleMgmt">
    <ignored/>
  </testcase> <!-- AppEntity_AddSubsUse -->
  <testcase name="VerifyViewPermission_UserManagement" time="0.0" classname="com.automation.drivers.DriverScript_RoleMgmt">
    <ignored/>
  </testcase> <!-- VerifyViewPermission_UserManagement -->
  <testcase name="test_verify_createUser" time="0.0" classname="com.automation.drivers.DriverScript_RoleMgmt">
    <ignored/>
  </testcase> <!-- test_verify_createUser -->
  <testcase name="VerifyupdateAssetPermission_UserManagement" time="0.0" classname="com.automation.drivers.DriverScript_RoleMgmt">
    <ignored/>
  </testcase> <!-- VerifyupdateAssetPermission_UserManagement -->
  <testcase name="VerifyACPPermission_ACP" time="0.0" classname="com.automation.drivers.DriverScript_RoleMgmt">
    <ignored/>
  </testcase> <!-- VerifyACPPermission_ACP -->
  <testcase name="CreateSearchAssetPermission_UserManagement" time="0.0" classname="com.automation.drivers.DriverScript_RoleMgmt">
    <ignored/>
  </testcase> <!-- CreateSearchAssetPermission_UserManagement -->
  <testcase name="SelectAllRolePerWithoutExpanding_DC" time="0.0" classname="com.automation.drivers.DriverScript_RoleMgmt">
    <ignored/>
  </testcase> <!-- SelectAllRolePerWithoutExpanding_DC -->
  <testcase name="AppEntity_CreateAppUse" time="0.0" classname="com.automation.drivers.DriverScript_RoleMgmt">
    <ignored/>
  </testcase> <!-- AppEntity_CreateAppUse -->
  <testcase name="EditUserProfileRole" time="0.0" classname="com.automation.drivers.DriverScript_RoleMgmt">
    <ignored/>
  </testcase> <!-- EditUserProfileRole -->
  <testcase name="VerfiyAddCPRoleFunctionality" time="0.0" classname="com.automation.drivers.DriverScript_RoleMgmt">
    <ignored/>
  </testcase> <!-- VerfiyAddCPRoleFunctionality -->
  <testcase name="CreateviewGroupPermission_UserManagement" time="0.0" classname="com.automation.drivers.DriverScript_RoleMgmt">
    <ignored/>
  </testcase> <!-- CreateviewGroupPermission_UserManagement -->
  <testcase name="AddUserProfileRole" time="0.0" classname="com.automation.drivers.DriverScript_RoleMgmt">
    <ignored/>
  </testcase> <!-- AddUserProfileRole -->
  <testcase name="AppEntity_CreateApp" time="0.0" classname="com.automation.drivers.DriverScript_RoleMgmt">
    <ignored/>
  </testcase> <!-- AppEntity_CreateApp -->
  <testcase name="AppEntity_NewRule" time="0.0" classname="com.automation.drivers.DriverScript_RoleMgmt">
    <ignored/>
  </testcase> <!-- AppEntity_NewRule -->
  <testcase name="CreateDCRoleandVerify" time="0.0" classname="com.automation.drivers.DriverScript_RoleMgmt">
    <ignored/>
  </testcase> <!-- CreateDCRoleandVerify -->
  <testcase name="DeleteUserWithoutRole_DC" time="0.0" classname="com.automation.drivers.DriverScript_RoleMgmt">
    <ignored/>
  </testcase> <!-- DeleteUserWithoutRole_DC -->
  <testcase name="ViewGroupRoleandVerify" time="0.0" classname="com.automation.drivers.DriverScript_RoleMgmt">
    <ignored/>
  </testcase> <!-- ViewGroupRoleandVerify -->
  <testcase name="DeleteRoleWithoutUser_AE" time="0.0" classname="com.automation.drivers.DriverScript_RoleMgmt">
    <ignored/>
  </testcase> <!-- DeleteRoleWithoutUser_AE -->
  <testcase name="VerifyUploadUserPermission_UserManagement" time="0.0" classname="com.automation.drivers.DriverScript_RoleMgmt">
    <ignored/>
  </testcase> <!-- VerifyUploadUserPermission_UserManagement -->
  <testcase name="SelectAllRoleWithoutExpandingTree_Topology" time="0.0" classname="com.automation.drivers.DriverScript_RoleMgmt">
    <ignored/>
  </testcase> <!-- SelectAllRoleWithoutExpandingTree_Topology -->
  <testcase name="VerifysearchAssetPermission_UserManagement" time="0.0" classname="com.automation.drivers.DriverScript_RoleMgmt">
    <ignored/>
  </testcase> <!-- VerifysearchAssetPermission_UserManagement -->
  <testcase name="VerifyUpdateGroupRoleFunctionality" time="0.0" classname="com.automation.drivers.DriverScript_RoleMgmt">
    <ignored/>
  </testcase> <!-- VerifyUpdateGroupRoleFunctionality -->
  <testcase name="DeleteRoleWithUser_Topology" time="0.0" classname="com.automation.drivers.DriverScript_RoleMgmt">
    <ignored/>
  </testcase> <!-- DeleteRoleWithUser_Topology -->
  <testcase name="CreateviewPermission_UserManagement" time="0.0" classname="com.automation.drivers.DriverScript_RoleMgmt">
    <ignored/>
  </testcase> <!-- CreateviewPermission_UserManagement -->
  <testcase name="ApplicationEntity_allPermissions" time="0.0" classname="com.automation.drivers.DriverScript_RoleMgmt">
    <ignored/>
  </testcase> <!-- ApplicationEntity_allPermissions -->
  <testcase name="VerifyViewPermission_Topology" time="0.0" classname="com.automation.drivers.DriverScript_RoleMgmt">
    <ignored/>
  </testcase> <!-- VerifyViewPermission_Topology -->
  <testcase name="AppEntity_AddSubs" time="0.0" classname="com.automation.drivers.DriverScript_RoleMgmt">
    <ignored/>
  </testcase> <!-- AppEntity_AddSubs -->
  <testcase name="AssignViewUserProfileRoleAndVerify" time="0.0" classname="com.automation.drivers.DriverScript_RoleMgmt">
    <ignored/>
  </testcase> <!-- AssignViewUserProfileRoleAndVerify -->
  <testcase name="DeleteUserWithoutRole_CP" time="0.0" classname="com.automation.drivers.DriverScript_RoleMgmt">
    <ignored/>
  </testcase> <!-- DeleteUserWithoutRole_CP -->
  <testcase name="VerifyAddACPPermission_ACP" time="0.0" classname="com.automation.drivers.DriverScript_RoleMgmt">
    <ignored/>
  </testcase> <!-- VerifyAddACPPermission_ACP -->
  <testcase name="CreateviewDevicePermission_UserManagement" time="0.0" classname="com.automation.drivers.DriverScript_RoleMgmt">
    <ignored/>
  </testcase> <!-- CreateviewDevicePermission_UserManagement -->
  <testcase name="AssignEditUserProfileRoleAndVerify" time="0.0" classname="com.automation.drivers.DriverScript_RoleMgmt">
    <ignored/>
  </testcase> <!-- AssignEditUserProfileRoleAndVerify -->
  <testcase name="CreateupdateGroupPermission_CustomerManagement" time="0.0" classname="com.automation.drivers.DriverScript_RoleMgmt">
    <ignored/>
  </testcase> <!-- CreateupdateGroupPermission_CustomerManagement -->
  <testcase name="VerifyViewGroupRoleFunctionality" time="0.0" classname="com.automation.drivers.DriverScript_RoleMgmt">
    <ignored/>
  </testcase> <!-- VerifyViewGroupRoleFunctionality -->
</testsuite> <!-- Default test -->
