<?xml version="1.0" encoding="UTF-8"?>
<!-- Generated by org.testng.reporters.JUnitXMLReporter -->
<testsuite hostname="JEEVS3" name="Smoke Test" tests="14" failures="0" timestamp="27 Jun 2017 10:09:14 GMT" time="305.371" errors="0">
  <testcase name="TestCase_80520" time="10.725" classname="com.automation.drivers.DriverScript_Smoke"/>
  <testcase name="CustMgmt_Create_Customer" time="15.787" classname="com.automation.drivers.DriverScript_Smoke"/>
  <testcase name="TestCase_80522" time="21.639" classname="com.automation.drivers.DriverScript_Smoke"/>
  <testcase name="TestCase_80521" time="30.936" classname="com.automation.drivers.DriverScript_Smoke"/>
  <testcase name="TestCase_80523" time="11.941" classname="com.automation.drivers.DriverScript_Smoke"/>
  <testcase name="TestCase_80525" time="18.613" classname="com.automation.drivers.DriverScript_Smoke"/>
  <testcase name="TestCase_80526" time="18.031" classname="com.automation.drivers.DriverScript_Smoke"/>
  <testcase name="TestCase_80530" time="10.986" classname="com.automation.drivers.DriverScript_Smoke"/>
  <testcase name="TestCase_80532" time="14.8" classname="com.automation.drivers.DriverScript_Smoke"/>
  <testcase name="TestCase_80538" time="13.163" classname="com.automation.drivers.DriverScript_Smoke"/>
  <testcase name="TestCase_80527" time="19.387" classname="com.automation.drivers.DriverScript_Smoke"/>
  <testcase name="TestCase_80528" time="19.925" classname="com.automation.drivers.DriverScript_Smoke"/>
  <testcase name="TestCase_80531" time="19.377" classname="com.automation.drivers.DriverScript_Smoke"/>
  <testcase name="TestCase_80533" time="13.672" classname="com.automation.drivers.DriverScript_Smoke"/>
</testsuite> <!-- Smoke Test -->
